[INFO  - 2019-07-22T08:45:36.576Z] GhostDriver - Main - running on port 51473
[INFO  - 2019-07-22T08:45:41.023Z] Session [15dbe7a0-ac5d-11e9-b218-4d3e089f3aad] - page.settings - {"XSSAuditingEnabled":false,"javascriptCanCloseWindows":true,"javascriptCanOpenWindows":true,"javascriptEnabled":true,"loadImages":true,"localToRemoteUrlAccessEnabled":false,"userAgent":"Mozilla/5.0 (Windows NT 6.2; WOW64) AppleWebKit/538.1 (KHTML, like Gecko) PhantomJS/2.1.1 Safari/538.1","webSecurityEnabled":true}
[INFO  - 2019-07-22T08:45:41.024Z] Session [15dbe7a0-ac5d-11e9-b218-4d3e089f3aad] - page.customHeaders:  - {}
[INFO  - 2019-07-22T08:45:41.030Z] Session [15dbe7a0-ac5d-11e9-b218-4d3e089f3aad] - Session.negotiatedCapabilities - {"browserName":"phantomjs","version":"2.1.1","driverName":"ghostdriver","driverVersion":"1.2.0","platform":"windows-10-32bit","javascriptEnabled":true,"takesScreenshot":true,"handlesAlerts":false,"databaseEnabled":false,"locationContextEnabled":false,"applicationCacheEnabled":false,"browserConnectionEnabled":false,"cssSelectorsEnabled":true,"webStorageEnabled":false,"rotatable":false,"acceptSslCerts":false,"nativeEvents":true,"proxy":{"proxyType":"direct"}}
[INFO  - 2019-07-22T08:45:41.030Z] SessionManagerReqHand - _postNewSessionCommand - New Session Created: 15dbe7a0-ac5d-11e9-b218-4d3e089f3aad
[ERROR - 2019-07-22T08:45:45.027Z] Session [15dbe7a0-ac5d-11e9-b218-4d3e089f3aad] - page.onError - msg: TypeError: undefined is not an object (evaluating 'a.arguments[0]')

  phantomjs://platform/console++.js:263 in error
[ERROR - 2019-07-22T08:45:45.028Z] Session [15dbe7a0-ac5d-11e9-b218-4d3e089f3aad] - page.onError - stack:
  (anonymous function) (https://js.t.sinajs.cn/t5/register/js/page/login/remote.js?version=307744aa77dd5677:1)
  (anonymous function) (https://js.t.sinajs.cn/t5/register/js/page/login/remote.js?version=307744aa77dd5677:1)
  checkUsername (https://js.t.sinajs.cn/t5/register/js/page/login/remote.js?version=307744aa77dd5677:32)
  blur (:0)
  lg (:122)
  mg (:123)
  (anonymous function) (:125)
  t (:7)
  $ (:125)
  yg (:132)
  (anonymous function) (:132)
  (anonymous function) (:132)
  (anonymous function) (:133)

  phantomjs://platform/console++.js:263 in error
[INFO  - 2019-07-22T08:50:36.564Z] SessionManagerReqHand - _cleanupWindowlessSessions - Asynchronous Sessions clean-up phase starting NOW
[INFO  - 2019-07-22T08:55:38.728Z] SessionManagerReqHand - _cleanupWindowlessSessions - Asynchronous Sessions clean-up phase starting NOW
[INFO  - 2019-07-22T09:00:38.741Z] SessionManagerReqHand - _cleanupWindowlessSessions - Asynchronous Sessions clean-up phase starting NOW
